# JRE version: OpenJDK Runtime Environment (11.0.8+10) (build 11.0.8+10-b944.6842174)
# Java VM: OpenJDK 64-Bit Server VM (11.0.8+10-b944.6842174, mixed mode, tiered, compressed oops, g1 gc, windows-amd64)
Heap:
 garbage-first heap   total 131072K, used 96057K [0x0000000080000000, 0x0000000100000000)
  region size 1024K, 4 young (4096K), 1 survivors (1024K)
 Metaspace       used 102274K, capacity 104899K, committed 106240K, reserved 1144832K
  class space    used 13132K, capacity 14075K, committed 14592K, reserved 1048576K
GC Heap History (20 events):
Event: 287.505 GC heap before
{Heap before GC invocations=26 (full 0):
 garbage-first heap   total 131072K, used 107787K [0x0000000080000000, 0x0000000100000000)
  region size 1024K, 37 young (37888K), 3 survivors (3072K)
 Metaspace       used 91273K, capacity 93564K, committed 93824K, reserved 1130496K
  class space    used 11613K, capacity 12395K, committed 12416K, reserved 1048576K
}
Event: 287.512 GC heap after
{Heap after GC invocations=27 (full 0):
 garbage-first heap   total 131072K, used 77320K [0x0000000080000000, 0x0000000100000000)
  region size 1024K, 5 young (5120K), 5 survivors (5120K)
 Metaspace       used 91273K, capacity 93564K, committed 93824K, reserved 1130496K
  class space    used 11613K, capacity 12395K, committed 12416K, reserved 1048576K
}
Event: 287.883 GC heap before
{Heap before GC invocations=27 (full 0):
 garbage-first heap   total 131072K, used 108040K [0x0000000080000000, 0x0000000100000000)
  region size 1024K, 36 young (36864K), 5 survivors (5120K)
 Metaspace       used 91431K, capacity 93727K, committed 93824K, reserved 1130496K
  class space    used 11613K, capacity 12395K, committed 12416K, reserved 1048576K
}
Event: 287.892 GC heap after
{Heap after GC invocations=28 (full 0):
 garbage-first heap   total 131072K, used 78730K [0x0000000080000000, 0x0000000100000000)
  region size 1024K, 2 young (2048K), 2 survivors (2048K)
 Metaspace       used 91431K, capacity 93727K, committed 93824K, reserved 1130496K
  class space    used 11613K, capacity 12395K, committed 12416K, reserved 1048576K
}
Event: 292.891 GC heap before
{Heap before GC invocations=29 (full 0):
 garbage-first heap   total 131072K, used 108426K [0x0000000080000000, 0x0000000100000000)
  region size 1024K, 32 young (32768K), 2 survivors (2048K)
 Metaspace       used 92385K, capacity 94720K, committed 94976K, reserved 1132544K
  class space    used 11736K, capacity 12529K, committed 12544K, reserved 1048576K
}
Event: 292.897 GC heap after
{Heap after GC invocations=30 (full 0):
 garbage-first heap   total 131072K, used 80380K [0x0000000080000000, 0x0000000100000000)
  region size 1024K, 3 young (3072K), 3 survivors (3072K)
 Metaspace       used 92385K, capacity 94720K, committed 94976K, reserved 1132544K
  class space    used 11736K, capacity 12529K, committed 12544K, reserved 1048576K
}
Event: 292.928 GC heap before
{Heap before GC invocations=30 (full 0):
 garbage-first heap   total 131072K, used 82428K [0x0000000080000000, 0x0000000100000000)
  region size 1024K, 6 young (6144K), 3 survivors (3072K)
 Metaspace       used 92391K, capacity 94720K, committed 94976K, reserved 1132544K
  class space    used 11736K, capacity 12529K, committed 12544K, reserved 1048576K
}
Event: 292.941 GC heap after
{Heap after GC invocations=31 (full 0):
 garbage-first heap   total 131072K, used 78542K [0x0000000080000000, 0x0000000100000000)
  region size 1024K, 1 young (1024K), 1 survivors (1024K)
 Metaspace       used 92391K, capacity 94720K, committed 94976K, reserved 1132544K
  class space    used 11736K, capacity 12529K, committed 12544K, reserved 1048576K
}
Event: 293.601 GC heap before
{Heap before GC invocations=31 (full 0):
 garbage-first heap   total 131072K, used 108238K [0x0000000080000000, 0x0000000100000000)
  region size 1024K, 31 young (31744K), 1 survivors (1024K)
 Metaspace       used 92669K, capacity 95032K, committed 95360K, reserved 1132544K
  class space    used 11766K, capacity 12567K, committed 12672K, reserved 1048576K
}
Event: 293.617 GC heap after
{Heap after GC invocations=32 (full 0):
 garbage-first heap   total 131072K, used 81124K [0x0000000080000000, 0x0000000100000000)
  region size 1024K, 4 young (4096K), 4 survivors (4096K)
 Metaspace       used 92669K, capacity 95032K, committed 95360K, reserved 1132544K
  class space    used 11766K, capacity 12567K, committed 12672K, reserved 1048576K
}
Event: 295.422 GC heap before
{Heap before GC invocations=33 (full 0):
 garbage-first heap   total 131072K, used 109796K [0x0000000080000000, 0x0000000100000000)
  region size 1024K, 31 young (31744K), 4 survivors (4096K)
 Metaspace       used 94181K, capacity 96567K, committed 96768K, reserved 1132544K
  class space    used 11992K, capacity 12788K, committed 12800K, reserved 1048576K
}
Event: 295.479 GC heap after
{Heap after GC invocations=34 (full 0):
 garbage-first heap   total 131072K, used 86230K [0x0000000080000000, 0x0000000100000000)
  region size 1024K, 4 young (4096K), 4 survivors (4096K)
 Metaspace       used 94181K, capacity 96567K, committed 96768K, reserved 1132544K
  class space    used 11992K, capacity 12788K, committed 12800K, reserved 1048576K
}
Event: 295.832 GC heap before
{Heap before GC invocations=34 (full 0):
 garbage-first heap   total 131072K, used 88278K [0x0000000080000000, 0x0000000100000000)
  region size 1024K, 6 young (6144K), 4 survivors (4096K)
 Metaspace       used 94645K, capacity 97015K, committed 97152K, reserved 1134592K
  class space    used 12045K, capacity 12852K, committed 12928K, reserved 1048576K
}
Event: 295.838 GC heap after
{Heap after GC invocations=35 (full 0):
 garbage-first heap   total 131072K, used 86558K [0x0000000080000000, 0x0000000100000000)
  region size 1024K, 1 young (1024K), 1 survivors (1024K)
 Metaspace       used 94645K, capacity 97015K, committed 97152K, reserved 1134592K
  class space    used 12045K, capacity 12852K, committed 12928K, reserved 1048576K
}
Event: 297.289 GC heap before
{Heap before GC invocations=35 (full 0):
 garbage-first heap   total 131072K, used 109086K [0x0000000080000000, 0x0000000100000000)
  region size 1024K, 24 young (24576K), 1 survivors (1024K)
 Metaspace       used 96923K, capacity 99479K, committed 99584K, reserved 1136640K
  class space    used 12408K, capacity 13279K, committed 13312K, reserved 1048576K
}
Event: 297.313 GC heap after
{Heap after GC invocations=36 (full 0):
 garbage-first heap   total 131072K, used 91800K [0x0000000080000000, 0x0000000100000000)
  region size 1024K, 3 young (3072K), 3 survivors (3072K)
 Metaspace       used 96923K, capacity 99479K, committed 99584K, reserved 1136640K
  class space    used 12408K, capacity 13279K, committed 13312K, reserved 1048576K
}
Event: 299.188 GC heap before
{Heap before GC invocations=37 (full 0):
 garbage-first heap   total 131072K, used 109208K [0x0000000080000000, 0x0000000100000000)
  region size 1024K, 20 young (20480K), 3 survivors (3072K)
 Metaspace       used 100380K, capacity 103309K, committed 103680K, reserved 1138688K
  class space    used 13080K, capacity 14211K, committed 14336K, reserved 1048576K
}
Event: 299.196 GC heap after
{Heap after GC invocations=38 (full 0):
 garbage-first heap   total 131072K, used 93728K [0x0000000080000000, 0x0000000100000000)
  region size 1024K, 2 young (2048K), 2 survivors (2048K)
 Metaspace       used 100380K, capacity 103309K, committed 103680K, reserved 1138688K
  class space    used 13080K, capacity 14211K, committed 14336K, reserved 1048576K
}
Event: 299.861 GC heap before
{Heap before GC invocations=38 (full 0):
 garbage-first heap   total 131072K, used 96800K [0x0000000080000000, 0x0000000100000000)
  region size 1024K, 6 young (6144K), 2 survivors (2048K)
 Metaspace       used 101291K, capacity 104334K, committed 104576K, reserved 1140736K
  class space    used 13226K, capacity 14410K, committed 14464K, reserved 1048576K
}
Event: 299.866 GC heap after
{Heap after GC invocations=39 (full 0):
 garbage-first heap   total 131072K, used 93967K [0x0000000080000000, 0x0000000100000000)
  region size 1024K, 1 young (1024K), 1 survivors (1024K)
 Metaspace       used 101291K, capacity 104334K, committed 104576K, reserved 1140736K
  class space    used 13226K, capacity 14410K, committed 14464K, reserved 1048576K
}

