# JRE version: OpenJDK Runtime Environment (11.0.8+10) (build 11.0.8+10-b944.6842174)
# Java VM: OpenJDK 64-Bit Server VM (11.0.8+10-b944.6842174, mixed mode, tiered, compressed oops, g1 gc, windows-amd64)
Heap:
 garbage-first heap   total 131072K, used 49930K [0x0000000080000000, 0x0000000100000000)
  region size 1024K, 17 young (17408K), 9 survivors (9216K)
 Metaspace       used 50703K, capacity 51879K, committed 52224K, reserved 1095680K
  class space    used 6434K, capacity 6820K, committed 6912K, reserved 1048576K
GC Heap History (16 events):
Event: 1.012 GC heap before
{Heap before GC invocations=0 (full 0):
 garbage-first heap   total 131072K, used 29696K [0x0000000080000000, 0x0000000100000000)
  region size 1024K, 24 young (24576K), 0 survivors (0K)
 Metaspace       used 10658K, capacity 10948K, committed 11264K, reserved 1058816K
  class space    used 1128K, capacity 1200K, committed 1280K, reserved 1048576K
}
Event: 1.017 GC heap after
{Heap after GC invocations=1 (full 0):
 garbage-first heap   total 131072K, used 8818K [0x0000000080000000, 0x0000000100000000)
  region size 1024K, 3 young (3072K), 3 survivors (3072K)
 Metaspace       used 10658K, capacity 10948K, committed 11264K, reserved 1058816K
  class space    used 1128K, capacity 1200K, committed 1280K, reserved 1048576K
}
Event: 3.558 GC heap before
{Heap before GC invocations=1 (full 0):
 garbage-first heap   total 131072K, used 82546K [0x0000000080000000, 0x0000000100000000)
  region size 1024K, 76 young (77824K), 3 survivors (3072K)
 Metaspace       used 19042K, capacity 19536K, committed 19712K, reserved 1067008K
  class space    used 2318K, capacity 2459K, committed 2560K, reserved 1048576K
}
Event: 3.567 GC heap after
{Heap after GC invocations=2 (full 0):
 garbage-first heap   total 131072K, used 15357K [0x0000000080000000, 0x0000000100000000)
  region size 1024K, 10 young (10240K), 10 survivors (10240K)
 Metaspace       used 19042K, capacity 19536K, committed 19712K, reserved 1067008K
  class space    used 2318K, capacity 2459K, committed 2560K, reserved 1048576K
}
Event: 3.780 GC heap before
{Heap before GC invocations=2 (full 0):
 garbage-first heap   total 131072K, used 25597K [0x0000000080000000, 0x0000000100000000)
  region size 1024K, 21 young (21504K), 10 survivors (10240K)
 Metaspace       used 20562K, capacity 21111K, committed 21248K, reserved 1067008K
  class space    used 2526K, capacity 2712K, committed 2816K, reserved 1048576K
}
Event: 3.791 GC heap after
{Heap after GC invocations=3 (full 0):
 garbage-first heap   total 131072K, used 16382K [0x0000000080000000, 0x0000000100000000)
  region size 1024K, 1 young (1024K), 1 survivors (1024K)
 Metaspace       used 20562K, capacity 21111K, committed 21248K, reserved 1067008K
  class space    used 2526K, capacity 2712K, committed 2816K, reserved 1048576K
}
Event: 4.931 GC heap before
{Heap before GC invocations=4 (full 0):
 garbage-first heap   total 131072K, used 75774K [0x0000000080000000, 0x0000000100000000)
  region size 1024K, 59 young (60416K), 1 survivors (1024K)
 Metaspace       used 26930K, capacity 27585K, committed 27648K, reserved 1073152K
  class space    used 3552K, capacity 3790K, committed 3840K, reserved 1048576K
}
Event: 4.935 GC heap after
{Heap after GC invocations=5 (full 0):
 garbage-first heap   total 131072K, used 18371K [0x0000000080000000, 0x0000000100000000)
  region size 1024K, 3 young (3072K), 3 survivors (3072K)
 Metaspace       used 26930K, capacity 27585K, committed 27648K, reserved 1073152K
  class space    used 3552K, capacity 3790K, committed 3840K, reserved 1048576K
}
Event: 7.047 GC heap before
{Heap before GC invocations=5 (full 0):
 garbage-first heap   total 131072K, used 56259K [0x0000000080000000, 0x0000000100000000)
  region size 1024K, 42 young (43008K), 3 survivors (3072K)
 Metaspace       used 35099K, capacity 35829K, committed 35840K, reserved 1081344K
  class space    used 4570K, capacity 4856K, committed 4864K, reserved 1048576K
}
Event: 7.064 GC heap after
{Heap after GC invocations=6 (full 0):
 garbage-first heap   total 131072K, used 21342K [0x0000000080000000, 0x0000000100000000)
  region size 1024K, 6 young (6144K), 6 survivors (6144K)
 Metaspace       used 35099K, capacity 35829K, committed 35840K, reserved 1081344K
  class space    used 4570K, capacity 4856K, committed 4864K, reserved 1048576K
}
Event: 9.675 GC heap before
{Heap before GC invocations=7 (full 0):
 garbage-first heap   total 131072K, used 85854K [0x0000000080000000, 0x0000000100000000)
  region size 1024K, 66 young (67584K), 6 survivors (6144K)
 Metaspace       used 40850K, capacity 41786K, committed 41984K, reserved 1085440K
  class space    used 5218K, capacity 5534K, committed 5632K, reserved 1048576K
}
Event: 9.683 GC heap after
{Heap after GC invocations=8 (full 0):
 garbage-first heap   total 131072K, used 25260K [0x0000000080000000, 0x0000000100000000)
  region size 1024K, 7 young (7168K), 7 survivors (7168K)
 Metaspace       used 40850K, capacity 41786K, committed 41984K, reserved 1085440K
  class space    used 5218K, capacity 5534K, committed 5632K, reserved 1048576K
}
Event: 16.669 GC heap before
{Heap before GC invocations=8 (full 0):
 garbage-first heap   total 131072K, used 87724K [0x0000000080000000, 0x0000000100000000)
  region size 1024K, 68 young (69632K), 7 survivors (7168K)
 Metaspace       used 44414K, capacity 45528K, committed 45824K, reserved 1089536K
  class space    used 5676K, capacity 6039K, committed 6144K, reserved 1048576K
}
Event: 16.677 GC heap after
{Heap after GC invocations=9 (full 0):
 garbage-first heap   total 131072K, used 28338K [0x0000000080000000, 0x0000000100000000)
  region size 1024K, 7 young (7168K), 7 survivors (7168K)
 Metaspace       used 44414K, capacity 45528K, committed 45824K, reserved 1089536K
  class space    used 5676K, capacity 6039K, committed 6144K, reserved 1048576K
}
Event: 21.153 GC heap before
{Heap before GC invocations=9 (full 0):
 garbage-first heap   total 131072K, used 96946K [0x0000000080000000, 0x0000000100000000)
  region size 1024K, 69 young (70656K), 7 survivors (7168K)
 Metaspace       used 49877K, capacity 51115K, committed 51328K, reserved 1093632K
  class space    used 6322K, capacity 6712K, committed 6784K, reserved 1048576K
}
Event: 21.165 GC heap after
{Heap after GC invocations=10 (full 0):
 garbage-first heap   total 131072K, used 42762K [0x0000000080000000, 0x0000000100000000)
  region size 1024K, 9 young (9216K), 9 survivors (9216K)
 Metaspace       used 49877K, capacity 51115K, committed 51328K, reserved 1093632K
  class space    used 6322K, capacity 6712K, committed 6784K, reserved 1048576K
}

